10:46:53.998 karate.env system property was:  
10:46:54.245 request:
1 > GET http://api.weatherapi.com/v1/forecast.json?key=dbf93f275c9c429ca1300929200205&q=Sydney&days=1
1 > Accept-Encoding: gzip,deflate
1 > Connection: Keep-Alive
1 > Host: api.weatherapi.com
1 > User-Agent: Apache-HttpClient/4.5.11 (Java/1.8.0_241)

10:46:54.320 response time in milliseconds: 72.15
1 < 200
1 < CDN-Cache: HIT
1 < CDN-CachedAt: 2020-05-03 10:46:14
1 < CDN-EdgeStorageId: 432
1 < CDN-PullZone: 93447
1 < CDN-RequestCountryCode: AU
1 < CDN-RequestId: e212d08b41f7b3b34eb6fddee6d8ca96
1 < CDN-Uid: 8fa3a04a-75d9-4707-8056-b7b33c8ac7fe
1 < Cache-Control: public, max-age=1200
1 < Connection: keep-alive
1 < Content-Type: application/json
1 < Date: Sun, 03 May 2020 00:46:54 GMT
1 < Server: BunnyCDN-SYD1-432
1 < Transfer-Encoding: chunked
1 < Vary: Accept-Encoding
{"location":{"name":"Sydney","region":"New South Wales","country":"Australia","lat":-33.88,"lon":151.22,"tz_id":"Australia/Sydney","localtime_epoch":1588466628,"localtime":"2020-05-03 10:43"},"current":{"last_updated_epoch":1588464014,"last_updated":"2020-05-03 10:00","temp_c":15.0,"temp_f":59.0,"is_day":1,"condition":{"text":"Partly cloudy","icon":"//cdn.weatherapi.com/weather/64x64/day/116.png","code":1003},"wind_mph":19.2,"wind_kph":31.0,"wind_degree":260,"wind_dir":"W","pressure_mb":1017.0,"pressure_in":30.5,"precip_mm":0.0,"precip_in":0.0,"humidity":48,"cloud":25,"feelslike_c":13.1,"feelslike_f":55.5,"vis_km":10.0,"vis_miles":6.0,"uv":3.0,"gust_mph":23.5,"gust_kph":37.8},"forecast":{"forecastday":[{"date":"2020-05-03","date_epoch":1588464000,"day":{"maxtemp_c":17.3,"maxtemp_f":63.1,"mintemp_c":11.8,"mintemp_f":53.2,"avgtemp_c":14.5,"avgtemp_f":58.1,"maxwind_mph":18.6,"maxwind_kph":29.9,"totalprecip_mm":0.0,"totalprecip_in":0.0,"avgvis_km":10.0,"avgvis_miles":6.0,"avghumidity":59.0,"daily_will_it_rain":0,"daily_chance_of_rain":"0","daily_will_it_snow":0,"daily_chance_of_snow":"0","condition":{"text":"Partly cloudy","icon":"//cdn.weatherapi.com/weather/64x64/day/116.png","code":1003},"uv":3.5},"astro":{"sunrise":"06:31 AM","sunset":"05:12 PM","moonrise":"02:47 PM","moonset":"01:10 AM"}}]},"alert":{}}

10:46:54.332 karate.env system property was:  
10:46:54.336 request:
1 > GET https://api.weatherapi.com/v1/forecast.json?key=dbf93f275c9c429ca1300929200205&q=Sydney&days=1
1 > Accept-Encoding: gzip,deflate
1 > Connection: Keep-Alive
1 > Host: api.weatherapi.com
1 > User-Agent: Apache-HttpClient/4.5.11 (Java/1.8.0_241)

10:46:54.554 response time in milliseconds: 216.09
1 < 200
1 < CDN-Cache: HIT
1 < CDN-CachedAt: 2020-05-03 10:46:14
1 < CDN-EdgeStorageId: 432
1 < CDN-PullZone: 93447
1 < CDN-RequestCountryCode: AU
1 < CDN-RequestId: cc2aecef08cf5e03eef3973a43eac139
1 < CDN-Uid: 8fa3a04a-75d9-4707-8056-b7b33c8ac7fe
1 < Cache-Control: public, max-age=1200
1 < Connection: keep-alive
1 < Content-Type: application/json
1 < Date: Sun, 03 May 2020 00:46:54 GMT
1 < Server: BunnyCDN-SYD1-432
1 < Transfer-Encoding: chunked
1 < Vary: Accept-Encoding
{"location":{"name":"Sydney","region":"New South Wales","country":"Australia","lat":-33.88,"lon":151.22,"tz_id":"Australia/Sydney","localtime_epoch":1588466628,"localtime":"2020-05-03 10:43"},"current":{"last_updated_epoch":1588464014,"last_updated":"2020-05-03 10:00","temp_c":15.0,"temp_f":59.0,"is_day":1,"condition":{"text":"Partly cloudy","icon":"//cdn.weatherapi.com/weather/64x64/day/116.png","code":1003},"wind_mph":19.2,"wind_kph":31.0,"wind_degree":260,"wind_dir":"W","pressure_mb":1017.0,"pressure_in":30.5,"precip_mm":0.0,"precip_in":0.0,"humidity":48,"cloud":25,"feelslike_c":13.1,"feelslike_f":55.5,"vis_km":10.0,"vis_miles":6.0,"uv":3.0,"gust_mph":23.5,"gust_kph":37.8},"forecast":{"forecastday":[{"date":"2020-05-03","date_epoch":1588464000,"day":{"maxtemp_c":17.3,"maxtemp_f":63.1,"mintemp_c":11.8,"mintemp_f":53.2,"avgtemp_c":14.5,"avgtemp_f":58.1,"maxwind_mph":18.6,"maxwind_kph":29.9,"totalprecip_mm":0.0,"totalprecip_in":0.0,"avgvis_km":10.0,"avgvis_miles":6.0,"avghumidity":59.0,"daily_will_it_rain":0,"daily_chance_of_rain":"0","daily_will_it_snow":0,"daily_chance_of_snow":"0","condition":{"text":"Partly cloudy","icon":"//cdn.weatherapi.com/weather/64x64/day/116.png","code":1003},"uv":3.5},"astro":{"sunrise":"06:31 AM","sunset":"05:12 PM","moonrise":"02:47 PM","moonset":"01:10 AM"}}]},"alert":{}}

10:46:54.562 karate.env system property was:  
10:46:54.569 request:
1 > GET https://api.weatherapi.com/v1/forecast.json?key=dbf93f275c9c429ca1300929200205&q=Sydney&days=2
1 > Accept-Encoding: gzip,deflate
1 > Connection: Keep-Alive
1 > Host: api.weatherapi.com
1 > User-Agent: Apache-HttpClient/4.5.11 (Java/1.8.0_241)

10:46:55.350 response time in milliseconds: 779.30
1 < 200
1 < CDN-Cache: EXPIRED
1 < CDN-CachedAt: 2020-05-03 10:46:55
1 < CDN-EdgeStorageId: 432
1 < CDN-PullZone: 93447
1 < CDN-RequestCountryCode: AU
1 < CDN-RequestId: 0100e190d2e5a3f34d2e17d7ec5d0695
1 < CDN-Uid: 8fa3a04a-75d9-4707-8056-b7b33c8ac7fe
1 < Cache-Control: public, max-age=1200
1 < Connection: keep-alive
1 < Content-Type: application/json
1 < Date: Sun, 03 May 2020 00:46:55 GMT
1 < Server: BunnyCDN-SYD1-432
1 < Transfer-Encoding: chunked
1 < Vary: Accept-Encoding
{"location":{"name":"Sydney","region":"New South Wales","country":"Australia","lat":-33.88,"lon":151.22,"tz_id":"Australia/Sydney","localtime_epoch":1588466651,"localtime":"2020-05-03 10:44"},"current":{"last_updated_epoch":1588464014,"last_updated":"2020-05-03 10:00","temp_c":15.0,"temp_f":59.0,"is_day":1,"condition":{"text":"Partly cloudy","icon":"//cdn.weatherapi.com/weather/64x64/day/116.png","code":1003},"wind_mph":19.2,"wind_kph":31.0,"wind_degree":260,"wind_dir":"W","pressure_mb":1017.0,"pressure_in":30.5,"precip_mm":0.0,"precip_in":0.0,"humidity":48,"cloud":25,"feelslike_c":13.1,"feelslike_f":55.5,"vis_km":10.0,"vis_miles":6.0,"uv":4.0,"gust_mph":23.0,"gust_kph":37.1},"forecast":{"forecastday":[{"date":"2020-05-03","date_epoch":1588464000,"day":{"maxtemp_c":17.3,"maxtemp_f":63.1,"mintemp_c":12.0,"mintemp_f":53.6,"avgtemp_c":14.6,"avgtemp_f":58.3,"maxwind_mph":18.6,"maxwind_kph":29.9,"totalprecip_mm":0.0,"totalprecip_in":0.0,"avgvis_km":10.0,"avgvis_miles":6.0,"avghumidity":59.0,"daily_will_it_rain":0,"daily_chance_of_rain":"0","daily_will_it_snow":0,"daily_chance_of_snow":"0","condition":{"text":"Partly cloudy","icon":"//cdn.weatherapi.com/weather/64x64/day/116.png","code":1003},"uv":3.5},"astro":{"sunrise":"06:31 AM","sunset":"05:12 PM","moonrise":"02:47 PM","moonset":"01:10 AM"}},{"date":"2020-05-04","date_epoch":1588550400,"day":{"maxtemp_c":17.1,"maxtemp_f":62.8,"mintemp_c":11.2,"mintemp_f":52.2,"avgtemp_c":14.4,"avgtemp_f":57.9,"maxwind_mph":13.0,"maxwind_kph":20.9,"totalprecip_mm":0.1,"totalprecip_in":0.0,"avgvis_km":10.0,"avgvis_miles":6.0,"avghumidity":66.0,"daily_will_it_rain":0,"daily_chance_of_rain":"0","daily_will_it_snow":0,"daily_chance_of_snow":"0","condition":{"text":"Partly cloudy","icon":"//cdn.weatherapi.com/weather/64x64/day/116.png","code":1003},"uv":3.8},"astro":{"sunrise":"06:32 AM","sunset":"05:12 PM","moonrise":"03:24 PM","moonset":"02:18 AM"}}]},"alert":{}}

10:46:55.361 [print] ====JSON response===={
  "localtime": "2020-05-03 10:44",
  "country": "Australia",
  "localtime_epoch": 1588466651,
  "name": "Sydney",
  "lon": 151.22,
  "region": "New South Wales",
  "lat": -33.88,
  "tz_id": "Australia/Sydney"
}

10:46:55.362 request:
2 > GET http://api.weatherapi.com/v1/forecast.xml?key=dbf93f275c9c429ca1300929200205&q=Sydney&days=2
2 > Accept-Encoding: gzip,deflate
2 > Connection: Keep-Alive
2 > Host: api.weatherapi.com
2 > User-Agent: Apache-HttpClient/4.5.11 (Java/1.8.0_241)

10:46:56.024 response time in milliseconds: 660.73
2 < 200
2 < CDN-Cache: EXPIRED
2 < CDN-CachedAt: 2020-05-03 10:46:55
2 < CDN-EdgeStorageId: 432
2 < CDN-PullZone: 93447
2 < CDN-RequestCountryCode: AU
2 < CDN-RequestId: e3fb55cc73287d9e621eb5e4ec9cbbbf
2 < CDN-Uid: 8fa3a04a-75d9-4707-8056-b7b33c8ac7fe
2 < Cache-Control: public, max-age=1200
2 < Connection: keep-alive
2 < Content-Type: text/xml
2 < Date: Sun, 03 May 2020 00:46:55 GMT
2 < Server: BunnyCDN-SYD1-432
2 < Transfer-Encoding: chunked
2 < Vary: Accept-Encoding
<?xml version="1.0" encoding="utf-8"?><root><location><name>Sydney</name><region>New South Wales</region><country>Australia</country><lat>-33.88</lat><lon>151.22</lon><tz_id>Australia/Sydney</tz_id><localtime_epoch>1588466652</localtime_epoch><localtime>2020-05-03 10:44</localtime></location><current><last_updated_epoch>1588464014</last_updated_epoch><last_updated>2020-05-03 10:00</last_updated><temp_c>15</temp_c><temp_f>59</temp_f><is_day>1</is_day><condition><text>Partly cloudy</text><icon>//cdn.weatherapi.com/weather/64x64/day/116.png</icon><code>1003</code></condition><wind_mph>19.2</wind_mph><wind_kph>31</wind_kph><wind_degree>260</wind_degree><wind_dir>W</wind_dir><pressure_mb>1017</pressure_mb><pressure_in>30.5</pressure_in><precip_mm>0</precip_mm><precip_in>0</precip_in><humidity>48</humidity><cloud>25</cloud><feelslike_c>13.1</feelslike_c><feelslike_f>55.5</feelslike_f><vis_km>10</vis_km><vis_miles>6</vis_miles><uv>4</uv><gust_mph>23</gust_mph><gust_kph>37.1</gust_kph></current><forecast><forecastday><date>2020-05-03</date><date_epoch>1588464000</date_epoch><day><maxtemp_c>17.3</maxtemp_c><maxtemp_f>63.1</maxtemp_f><mintemp_c>12</mintemp_c><mintemp_f>53.6</mintemp_f><avgtemp_c>14.6</avgtemp_c><avgtemp_f>58.3</avgtemp_f><maxwind_mph>18.6</maxwind_mph><maxwind_kph>29.9</maxwind_kph><totalprecip_mm>0</totalprecip_mm><totalprecip_in>0</totalprecip_in><avgvis_km>10</avgvis_km><avgvis_miles>6</avgvis_miles><avghumidity>59</avghumidity><daily_will_it_rain>0</daily_will_it_rain><daily_chance_of_rain>0</daily_chance_of_rain><daily_will_it_snow>0</daily_will_it_snow><daily_chance_of_snow>0</daily_chance_of_snow><condition><text>Partly cloudy</text><icon>//cdn.weatherapi.com/weather/64x64/day/116.png</icon><code>1003</code></condition><uv>3.5</uv></day><astro><sunrise>06:31 AM</sunrise><sunset>05:12 PM</sunset><moonrise>02:47 PM</moonrise><moonset>01:10 AM</moonset></astro></forecastday><forecastday><date>2020-05-04</date><date_epoch>1588550400</date_epoch><day><maxtemp_c>17.1</maxtemp_c><maxtemp_f>62.8</maxtemp_f><mintemp_c>11.2</mintemp_c><mintemp_f>52.2</mintemp_f><avgtemp_c>14.4</avgtemp_c><avgtemp_f>57.9</avgtemp_f><maxwind_mph>13</maxwind_mph><maxwind_kph>20.9</maxwind_kph><totalprecip_mm>0.1</totalprecip_mm><totalprecip_in>0</totalprecip_in><avgvis_km>10</avgvis_km><avgvis_miles>6</avgvis_miles><avghumidity>66</avghumidity><daily_will_it_rain>0</daily_will_it_rain><daily_chance_of_rain>0</daily_chance_of_rain><daily_will_it_snow>0</daily_will_it_snow><daily_chance_of_snow>0</daily_chance_of_snow><condition><text>Partly cloudy</text><icon>//cdn.weatherapi.com/weather/64x64/day/116.png</icon><code>1003</code></condition><uv>3.8</uv></day><astro><sunrise>06:32 AM</sunrise><sunset>05:12 PM</sunset><moonrise>03:24 PM</moonrise><moonset>02:18 AM</moonset></astro></forecastday></forecast><alert /></root>

10:46:56.059 [print] ====Xml response===={root={location={name=Sydney, region=New South Wales, country=Australia, lat=-33.88, lon=151.22, tz_id=Australia/Sydney, localtime_epoch=1588466652, localtime=2020-05-03 10:44}, current={last_updated_epoch=1588464014, last_updated=2020-05-03 10:00, temp_c=15, temp_f=59, is_day=1, condition={text=Partly cloudy, icon=//cdn.weatherapi.com/weather/64x64/day/116.png, code=1003}, wind_mph=19.2, wind_kph=31, wind_degree=260, wind_dir=W, pressure_mb=1017, pressure_in=30.5, precip_mm=0, precip_in=0, humidity=48, cloud=25, feelslike_c=13.1, feelslike_f=55.5, vis_km=10, vis_miles=6, uv=4, gust_mph=23, gust_kph=37.1}, forecast={forecastday=[{date=2020-05-03, date_epoch=1588464000, day={maxtemp_c=17.3, maxtemp_f=63.1, mintemp_c=12, mintemp_f=53.6, avgtemp_c=14.6, avgtemp_f=58.3, maxwind_mph=18.6, maxwind_kph=29.9, totalprecip_mm=0, totalprecip_in=0, avgvis_km=10, avgvis_miles=6, avghumidity=59, daily_will_it_rain=0, daily_chance_of_rain=0, daily_will_it_snow=0, daily_chance_of_snow=0, condition={text=Partly cloudy, icon=//cdn.weatherapi.com/weather/64x64/day/116.png, code=1003}, uv=3.5}, astro={sunrise=06:31 AM, sunset=05:12 PM, moonrise=02:47 PM, moonset=01:10 AM}}, {date=2020-05-04, date_epoch=1588550400, day={maxtemp_c=17.1, maxtemp_f=62.8, mintemp_c=11.2, mintemp_f=52.2, avgtemp_c=14.4, avgtemp_f=57.9, maxwind_mph=13, maxwind_kph=20.9, totalprecip_mm=0.1, totalprecip_in=0, avgvis_km=10, avgvis_miles=6, avghumidity=66, daily_will_it_rain=0, daily_chance_of_rain=0, daily_will_it_snow=0, daily_chance_of_snow=0, condition={text=Partly cloudy, icon=//cdn.weatherapi.com/weather/64x64/day/116.png, code=1003}, uv=3.8}, astro={sunrise=06:32 AM, sunset=05:12 PM, moonrise=03:24 PM, moonset=02:18 AM}}]}, alert=null}}
